<?xml version="1.0" encoding="UTF-8"?>
<!-- Generated by org.testng.reporters.JUnitReportReporter -->
<testsuite hostname="LAPTOP-DM0TKLF0" failures="0" tests="1" name="runners.productRunner" time="3.326" errors="0" timestamp="2023-12-26T23:31:11 IST" skipped="0">
  <testcase classname="runners.productRunner" name="runScenario" time="3.326"/>
</testsuite> <!-- runners.productRunner -->
